<?xml version="1.0" encoding="utf-8"?><testsuites name="pytest tests"><testsuite name="pytest" errors="0" failures="0" skipped="0" tests="6" time="0.297" timestamp="2026-06-25T19:21:05.564116+00:00" hostname="agent-env-e0f186be-7fd5-488c-9d3a-7c37671013bd"><testcase classname="tests.test_iteration18_pdf_report.TestPdfReport" name="test_report_200_pdf_no_courier" time="0.010" /><testcase classname="tests.test_iteration18_pdf_report.TestPdfReport" name="test_report_size_above_1kb" time="0.045" /><testcase classname="tests.test_iteration18_pdf_report.TestPdfReport" name="test_report_content_disposition_filename" time="0.047" /><testcase classname="tests.test_iteration18_pdf_report.TestPdfReport" name="test_report_with_courier_name" time="0.045" /><testcase classname="tests.test_iteration18_pdf_report.TestPdfReport" name="test_report_404_for_unknown_route" time="0.042" /><testcase classname="tests.test_iteration18_pdf_report.TestPdfReport" name="test_report_pdf_includes_pdf_objects" time="0.046" /></testsuite></testsuites>