<?xml version="1.0" encoding="utf-8"?><testsuites name="pytest tests"><testsuite name="pytest" errors="0" failures="0" skipped="0" tests="10" time="0.477" timestamp="2026-06-24T22:14:15.546691+00:00" hostname="agent-env-e0f186be-7fd5-488c-9d3a-7c37671013bd"><testcase classname="backend.tests.test_4bis_manifest.TestManifestSchema" name="test_min_50_stops" time="0.022" /><testcase classname="backend.tests.test_4bis_manifest.TestManifestSchema" name="test_required_fields" time="0.000" /><testcase classname="backend.tests.test_4bis_manifest.TestManifestSchema" name="test_order_preserved" time="0.000" /><testcase classname="backend.tests.test_4bis_manifest.TestManifestSchema" name="test_first_stops_match" time="0.000" /><testcase classname="backend.tests.test_4bis_manifest.TestCodFlag" name="test_some_cod_some_not" time="0.007" /><testcase classname="backend.tests.test_4bis_manifest.TestCodFlag" name="test_known_cod_recipient" time="0.000" /><testcase classname="backend.tests.test_4bis_manifest.TestCoordinates" name="test_lat_lng_present" time="0.000" /><testcase classname="backend.tests.test_4bis_manifest.TestCoordinates" name="test_coords_in_szczecin" time="0.000" /><testcase classname="backend.tests.test_4bis_manifest.TestPersistence" name="test_get_route" time="0.244" /><testcase classname="backend.tests.test_4bis_manifest.TestPersistence" name="test_route_in_list" time="0.132" /></testsuite></testsuites>