<?xml version="1.0" encoding="utf-8"?><testsuites name="pytest tests"><testsuite name="pytest" errors="0" failures="0" skipped="0" tests="20" time="8.494" timestamp="2026-06-25T19:08:50.046832+00:00" hostname="agent-env-e0f186be-7fd5-488c-9d3a-7c37671013bd"><testcase classname="tests.test_iteration16_transfer_approve_address" name="test_transfer_create_without_key_returns_401" time="0.491" /><testcase classname="tests.test_iteration16_transfer_approve_address" name="test_transfer_create_wrong_key_returns_401" time="0.183" /><testcase classname="tests.test_iteration16_transfer_approve_address" name="test_transfer_create_empty_file_returns_400" time="0.138" /><testcase classname="tests.test_iteration16_transfer_approve_address" name="test_transfer_create_invalid_bytes_returns_400" time="0.093" /><testcase classname="tests.test_iteration16_transfer_approve_address" name="test_transfer_create_success_shape" time="0.227" /><testcase classname="tests.test_iteration16_transfer_approve_address" name="test_transfer_fetch_unknown_returns_404" time="0.131" /><testcase classname="tests.test_iteration16_transfer_approve_address" name="test_transfer_fetch_returns_route_and_marks_claimed" time="0.107" /><testcase classname="tests.test_iteration16_transfer_approve_address" name="test_transfer_fetch_is_case_insensitive" time="0.144" /><testcase classname="tests.test_iteration16_transfer_approve_address" name="test_transfer_status_unknown_returns_404" time="0.102" /><testcase classname="tests.test_iteration16_transfer_approve_address" name="test_transfer_status_no_auth_required" time="0.090" /><testcase classname="tests.test_iteration16_transfer_approve_address" name="test_approve_unknown_route_returns_404" time="0.095" /><testcase classname="tests.test_iteration16_transfer_approve_address" name="test_approve_sets_approved_at" time="0.244" /><testcase classname="tests.test_iteration16_transfer_approve_address" name="test_approve_is_idempotent" time="1.316" /><testcase classname="tests.test_iteration16_transfer_approve_address" name="test_unapprove_clears_approved_at" time="0.342" /><testcase classname="tests.test_iteration16_transfer_approve_address" name="test_unapprove_unknown_route_returns_404" time="0.094" /><testcase classname="tests.test_iteration16_transfer_approve_address" name="test_update_address_empty_returns_400" time="0.210" /><testcase classname="tests.test_iteration16_transfer_approve_address" name="test_update_address_unknown_stop_returns_404" time="0.108" /><testcase classname="tests.test_iteration16_transfer_approve_address" name="test_update_address_szczecin_geocodes_within_bias" time="0.238" /><testcase classname="tests.test_iteration16_transfer_approve_address" name="test_update_address_gibberish_returns_geocoded_false" time="3.850" /><testcase classname="tests.test_iteration16_transfer_approve_address" name="test_existing_route_pins_all_within_szczecin_bias" time="0.226" /></testsuite></testsuites>