<?xml version="1.0" encoding="utf-8"?><testsuites name="pytest tests"><testsuite name="pytest" errors="0" failures="0" skipped="0" tests="13" time="50.230" timestamp="2026-06-25T15:58:32.175684+00:00" hostname="agent-env-e0f186be-7fd5-488c-9d3a-7c37671013bd"><testcase classname="backend.tests.test_xls_manifest" name="test_health" time="0.213" /><testcase classname="backend.tests.test_xls_manifest" name="test_xls_upload_parses_many_stops" time="49.507" /><testcase classname="backend.tests.test_xls_manifest" name="test_stop_schema" time="0.000" /><testcase classname="backend.tests.test_xls_manifest" name="test_no_phone_leak_in_recipient_or_address" time="0.000" /><testcase classname="backend.tests.test_xls_manifest" name="test_phone_format_when_present" time="0.000" /><testcase classname="backend.tests.test_xls_manifest" name="test_is_cod_consistency" time="0.000" /><testcase classname="backend.tests.test_xls_manifest" name="test_cod_stops_exist" time="0.000" /><testcase classname="backend.tests.test_xls_manifest" name="test_geocoding_attempted" time="0.000" /><testcase classname="backend.tests.test_xls_manifest" name="test_spot_stop_2_andrzej_walczak" time="0.007" /><testcase classname="backend.tests.test_xls_manifest" name="test_spot_stop_3_miroslaw_malinowski" time="0.000" /><testcase classname="backend.tests.test_xls_manifest" name="test_invalid_format_rejected" time="0.230" /><testcase classname="backend.tests.test_xls_manifest" name="test_too_small_rejected" time="0.098" /><testcase classname="backend.tests.test_xls_manifest" name="test_cleanup_uploaded" time="0.101" /></testsuite></testsuites>