<?xml version="1.0" encoding="utf-8"?><testsuites name="pytest tests"><testsuite name="pytest" errors="0" failures="0" skipped="0" tests="10" time="2.065" timestamp="2026-06-25T19:09:44.621620+00:00" hostname="agent-env-e0f186be-7fd5-488c-9d3a-7c37671013bd"><testcase classname="tests.test_iteration17_refactor_regression" name="test_list_routes_returns_list" time="0.314" /><testcase classname="tests.test_iteration17_refactor_regression" name="test_get_stop_success" time="0.201" /><testcase classname="tests.test_iteration17_refactor_regression" name="test_get_stop_unknown_route" time="0.120" /><testcase classname="tests.test_iteration17_refactor_regression" name="test_get_stop_unknown_stop" time="0.145" /><testcase classname="tests.test_iteration17_refactor_regression" name="test_deliver_then_absent_then_reset" time="0.627" /><testcase classname="tests.test_iteration17_refactor_regression" name="test_deliver_unknown_stop_returns_404" time="0.098" /><testcase classname="tests.test_iteration17_refactor_regression" name="test_absent_unknown_stop_returns_404" time="0.104" /><testcase classname="tests.test_iteration17_refactor_regression" name="test_reset_unknown_stop_returns_404" time="0.113" /><testcase classname="tests.test_iteration17_refactor_regression" name="test_regeocode_unknown_route_returns_404" time="0.103" /><testcase classname="tests.test_iteration17_refactor_regression" name="test_route_B_pins_within_szczecin_bias" time="0.169" /></testsuite></testsuites>