<?xml version="1.0" encoding="utf-8"?><testsuites name="pytest tests"><testsuite name="pytest" errors="0" failures="0" skipped="1" tests="16" time="183.646" timestamp="2026-06-25T16:43:23.537809+00:00" hostname="agent-env-e0f186be-7fd5-488c-9d3a-7c37671013bd"><testcase classname="backend.tests.test_split_and_geocode.TestSplitRecipientAddress" name="test_simple_person" time="0.000" /><testcase classname="backend.tests.test_split_and_geocode.TestSplitRecipientAddress" name="test_institution_with_short_words" time="0.000" /><testcase classname="backend.tests.test_split_and_geocode.TestSplitRecipientAddress" name="test_company_with_dots_and_initials" time="0.000" /><testcase classname="backend.tests.test_split_and_geocode.TestSplitRecipientAddress" name="test_company_with_internal_comma" time="0.000" /><testcase classname="backend.tests.test_split_and_geocode.TestSplitRecipientAddress" name="test_person_with_apartment_number" time="0.000" /><testcase classname="backend.tests.test_split_and_geocode" name="test_strip_pl_handles_szczecin_typo" time="0.000" /><testcase classname="backend.tests.test_split_and_geocode" name="test_geocode_sync_szczecin_via_fallback" time="0.494" /><testcase classname="backend.tests.test_split_and_geocode" name="test_upload_fast" time="0.682" /><testcase classname="backend.tests.test_split_and_geocode" name="test_upload_returns_132_stops" time="0.000" /><testcase classname="backend.tests.test_split_and_geocode" name="test_recipients_do_not_look_like_house_numbers" time="0.000" /><testcase classname="backend.tests.test_split_and_geocode" name="test_no_recipient_starts_with_digit_anywhere" time="0.000" /><testcase classname="backend.tests.test_split_and_geocode" name="test_no_recipient_contains_house_number_pattern" time="0.000" /><testcase classname="backend.tests.test_split_and_geocode" name="test_addresses_contain_city_or_street_hints" time="0.000" /><testcase classname="backend.tests.test_split_and_geocode" name="test_background_geocoding_rescues_some_stops" time="180.164"><skipped type="pytest.skip" message="Background geocoder did not reach 5 stops within 3 min (last=0) — likely Nominatim rate-limit, not a code bug">/app/backend/tests/test_split_and_geocode.py:224: Background geocoder did not reach 5 stops within 3 min (last=0) — likely Nominatim rate-limit, not a code bug</skipped></testcase><testcase classname="backend.tests.test_split_and_geocode" name="test_list_routes_ok" time="0.048" /><testcase classname="backend.tests.test_split_and_geocode" name="test_get_route_by_id_ok" time="0.009" /></testsuite></testsuites>