<?xml version="1.0" encoding="utf-8"?><testsuites name="pytest tests"><testsuite name="pytest" errors="0" failures="0" skipped="0" tests="53" time="13.038" timestamp="2026-06-28T20:08:00.703054+00:00" hostname="agent-env-e0f186be-7fd5-488c-9d3a-7c37671013bd"><testcase classname="backend.tests.test_iteration16_transfer_approve_address" name="test_transfer_create_without_key_returns_401" time="0.317" /><testcase classname="backend.tests.test_iteration16_transfer_approve_address" name="test_transfer_create_wrong_key_returns_401" time="0.217" /><testcase classname="backend.tests.test_iteration16_transfer_approve_address" name="test_transfer_create_empty_file_returns_400" time="0.134" /><testcase classname="backend.tests.test_iteration16_transfer_approve_address" name="test_transfer_create_invalid_bytes_returns_400" time="0.095" /><testcase classname="backend.tests.test_iteration16_transfer_approve_address" name="test_transfer_create_success_shape" time="0.251" /><testcase classname="backend.tests.test_iteration16_transfer_approve_address" name="test_transfer_fetch_unknown_returns_404" time="0.133" /><testcase classname="backend.tests.test_iteration16_transfer_approve_address" name="test_transfer_fetch_returns_route_and_marks_claimed" time="0.112" /><testcase classname="backend.tests.test_iteration16_transfer_approve_address" name="test_transfer_fetch_is_case_insensitive" time="0.121" /><testcase classname="backend.tests.test_iteration16_transfer_approve_address" name="test_transfer_status_unknown_returns_404" time="0.109" /><testcase classname="backend.tests.test_iteration16_transfer_approve_address" name="test_transfer_status_no_auth_required" time="0.093" /><testcase classname="backend.tests.test_iteration16_transfer_approve_address" name="test_approve_unknown_route_returns_404" time="0.093" /><testcase classname="backend.tests.test_iteration16_transfer_approve_address" name="test_approve_sets_approved_at" time="0.253" /><testcase classname="backend.tests.test_iteration16_transfer_approve_address" name="test_approve_is_idempotent" time="1.304" /><testcase classname="backend.tests.test_iteration16_transfer_approve_address" name="test_unapprove_clears_approved_at" time="0.342" /><testcase classname="backend.tests.test_iteration16_transfer_approve_address" name="test_unapprove_unknown_route_returns_404" time="0.093" /><testcase classname="backend.tests.test_iteration16_transfer_approve_address" name="test_update_address_empty_returns_400" time="0.217" /><testcase classname="backend.tests.test_iteration16_transfer_approve_address" name="test_update_address_unknown_stop_returns_404" time="0.114" /><testcase classname="backend.tests.test_iteration16_transfer_approve_address" name="test_update_address_szczecin_geocodes_within_bias" time="0.188" /><testcase classname="backend.tests.test_iteration16_transfer_approve_address" name="test_update_address_gibberish_returns_geocoded_false" time="4.775" /><testcase classname="backend.tests.test_iteration16_transfer_approve_address" name="test_existing_route_pins_all_within_szczecin_bias" time="0.226" /><testcase classname="backend.tests.test_iteration17_refactor_regression" name="test_list_routes_returns_list" time="0.308" /><testcase classname="backend.tests.test_iteration17_refactor_regression" name="test_get_stop_success" time="0.200" /><testcase classname="backend.tests.test_iteration17_refactor_regression" name="test_get_stop_unknown_route" time="0.096" /><testcase classname="backend.tests.test_iteration17_refactor_regression" name="test_get_stop_unknown_stop" time="0.100" /><testcase classname="backend.tests.test_iteration17_refactor_regression" name="test_deliver_then_absent_then_reset" time="0.618" /><testcase classname="backend.tests.test_iteration17_refactor_regression" name="test_deliver_unknown_stop_returns_404" time="0.110" /><testcase classname="backend.tests.test_iteration17_refactor_regression" name="test_absent_unknown_stop_returns_404" time="0.099" /><testcase classname="backend.tests.test_iteration17_refactor_regression" name="test_reset_unknown_stop_returns_404" time="0.108" /><testcase classname="backend.tests.test_iteration17_refactor_regression" name="test_regeocode_unknown_route_returns_404" time="0.100" /><testcase classname="backend.tests.test_iteration17_refactor_regression" name="test_route_B_pins_within_szczecin_bias" time="0.104" /><testcase classname="backend.tests.test_iteration18_pdf_report.TestPdfReport" name="test_report_200_pdf_no_courier" time="0.009" /><testcase classname="backend.tests.test_iteration18_pdf_report.TestPdfReport" name="test_report_size_above_1kb" time="0.048" /><testcase classname="backend.tests.test_iteration18_pdf_report.TestPdfReport" name="test_report_content_disposition_filename" time="0.050" /><testcase classname="backend.tests.test_iteration18_pdf_report.TestPdfReport" name="test_report_with_courier_name" time="0.049" /><testcase classname="backend.tests.test_iteration18_pdf_report.TestPdfReport" name="test_report_404_for_unknown_route" time="0.043" /><testcase classname="backend.tests.test_iteration18_pdf_report.TestPdfReport" name="test_report_pdf_includes_pdf_objects" time="0.050" /><testcase classname="backend.tests.test_iteration19_locations.TestPostLocation" name="test_post_full_ping_returns_ok_and_ts" time="0.103" /><testcase classname="backend.tests.test_iteration19_locations.TestPostLocation" name="test_post_minimal_ping_lat_lng_only" time="0.041" /><testcase classname="backend.tests.test_iteration19_locations.TestPostLocation" name="test_post_missing_lat_returns_422" time="0.042" /><testcase classname="backend.tests.test_iteration19_locations.TestPostLocation" name="test_post_missing_lng_returns_422" time="0.093" /><testcase classname="backend.tests.test_iteration19_locations.TestPostLocation" name="test_post_invalid_type_lat_string_returns_422" time="0.045" /><testcase classname="backend.tests.test_iteration19_locations.TestPostLocation" name="test_post_invalid_type_lng_string_returns_422" time="0.047" /><testcase classname="backend.tests.test_iteration19_locations.TestGetLocationAuth" name="test_get_without_api_key_returns_401" time="0.045" /><testcase classname="backend.tests.test_iteration19_locations.TestGetLocationAuth" name="test_get_with_wrong_api_key_returns_401" time="0.047" /><testcase classname="backend.tests.test_iteration19_locations.TestGetLocationAuth" name="test_get_with_empty_api_key_returns_401" time="0.044" /><testcase classname="backend.tests.test_iteration19_locations.TestGetLocationAuth" name="test_get_with_valid_key_returns_200_and_list" time="0.041" /><testcase classname="backend.tests.test_iteration19_locations.TestAggregationAndHistory" name="test_three_pings_same_courier_aggregated_returns_latest_only" time="0.331" /><testcase classname="backend.tests.test_iteration19_locations.TestAggregationAndHistory" name="test_history_endpoint_returns_all_pings_for_courier" time="0.044" /><testcase classname="backend.tests.test_iteration19_locations.TestAggregationAndHistory" name="test_two_different_couriers_aggregated_returns_two_entries" time="0.230" /><testcase classname="backend.tests.test_iteration19_locations.TestAggregationAndHistory" name="test_since_minutes_1_includes_fresh_ping" time="0.128" /><testcase classname="backend.tests.test_iteration19_locations.TestAggregationAndHistory" name="test_since_minutes_out_of_range_rejected" time="0.122" /><testcase classname="backend.tests.test_iteration19_locations.TestAggregationAndHistory" name="test_response_excludes_mongo_internals" time="0.086" /><testcase classname="backend.tests.test_iteration19_locations.TestTTLIndex" name="test_ttl_index_exists_with_24h_expiry" time="0.174" /></testsuite></testsuites>