<?xml version="1.0" encoding="utf-8"?><testsuites name="pytest tests"><testsuite name="pytest" errors="0" failures="0" skipped="0" tests="5" time="0.235" timestamp="2026-06-24T22:59:23.152823+00:00" hostname="agent-env-e0f186be-7fd5-488c-9d3a-7c37671013bd"><testcase classname="backend.tests.test_geocoding" name="test_route_has_104_stops" time="0.175" /><testcase classname="backend.tests.test_geocoding" name="test_geocoding_unique_coords_at_least_50" time="0.000" /><testcase classname="backend.tests.test_geocoding" name="test_stop_order_1_coords" time="0.000" /><testcase classname="backend.tests.test_geocoding" name="test_stop_order_2_coords" time="0.000" /><testcase classname="backend.tests.test_geocoding" name="test_not_all_at_szczecin_centre" time="0.000" /></testsuite></testsuites>