<?xml version="1.0" encoding="utf-8"?><testsuites name="pytest tests"><testsuite name="pytest" errors="0" failures="1" skipped="0" tests="8" time="180.665" timestamp="2026-06-25T16:25:40.099031+00:00" hostname="agent-env-e0f186be-7fd5-488c-9d3a-7c37671013bd"><testcase classname="backend.tests.test_upload_async_geocode" name="test_upload_fast" time="0.034" /><testcase classname="backend.tests.test_upload_async_geocode" name="test_upload_returns_132_stops" time="0.000" /><testcase classname="backend.tests.test_upload_async_geocode" name="test_upload_fields_present" time="0.000" /><testcase classname="backend.tests.test_upload_async_geocode" name="test_upload_cod_flag_present" time="0.000" /><testcase classname="backend.tests.test_upload_async_geocode" name="test_initial_latlng_can_be_none" time="0.000" /><testcase classname="backend.tests.test_upload_async_geocode" name="test_background_geocoding_progresses" time="180.128"><failure message="AssertionError: Background geocoding did not reach 10 stops within 3 min (last=0)">backend/tests/test_upload_async_geocode.py:115: in test_background_geocoding_progresses
    raise AssertionError(
E   AssertionError: Background geocoding did not reach 10 stops within 3 min (last=0)</failure></testcase><testcase classname="backend.tests.test_upload_async_geocode" name="test_list_routes_ok" time="0.060" /><testcase classname="backend.tests.test_upload_async_geocode" name="test_public_root_ok" time="0.353" /></testsuite></testsuites>