<?xml version="1.0" encoding="utf-8"?><testsuites name="pytest tests"><testsuite name="pytest" errors="0" failures="0" skipped="0" tests="10" time="3.955" timestamp="2026-06-28T20:07:47.122275+00:00" hostname="agent-env-e0f186be-7fd5-488c-9d3a-7c37671013bd"><testcase classname="backend.tests.test_iteration21_delivery_method_geocode.TestGeocodeEndpoint" name="test_geocode_valid_szczecin_address" time="0.173" /><testcase classname="backend.tests.test_iteration21_delivery_method_geocode.TestGeocodeEndpoint" name="test_geocode_empty_body_returns_400" time="0.045" /><testcase classname="backend.tests.test_iteration21_delivery_method_geocode.TestGeocodeEndpoint" name="test_geocode_empty_string_returns_400" time="0.042" /><testcase classname="backend.tests.test_iteration21_delivery_method_geocode.TestGeocodeEndpoint" name="test_geocode_garbage_returns_404" time="2.900" /><testcase classname="backend.tests.test_iteration21_delivery_method_geocode" name="test_deliver_saves_method_then_get_verifies[0-mailbox]" time="0.148" /><testcase classname="backend.tests.test_iteration21_delivery_method_geocode" name="test_deliver_saves_method_then_get_verifies[1-door]" time="0.093" /><testcase classname="backend.tests.test_iteration21_delivery_method_geocode" name="test_deliver_saves_method_then_get_verifies[2-neighbor]" time="0.090" /><testcase classname="backend.tests.test_iteration21_delivery_method_geocode" name="test_deliver_saves_method_then_get_verifies[3-fence]" time="0.085" /><testcase classname="backend.tests.test_iteration21_delivery_method_geocode.TestPdfRegression" name="test_route_report_returns_pdf" time="0.067" /><testcase classname="backend.tests.test_iteration21_delivery_method_geocode.TestListRoutesRegression" name="test_list_routes_ok" time="0.240" /></testsuite></testsuites>