<?xml version="1.0" encoding="utf-8"?><testsuites name="pytest tests"><testsuite name="pytest" errors="0" failures="0" skipped="0" tests="30" time="10.962" timestamp="2026-06-25T19:21:10.906832+00:00" hostname="agent-env-e0f186be-7fd5-488c-9d3a-7c37671013bd"><testcase classname="tests.test_iteration16_transfer_approve_address" name="test_transfer_create_without_key_returns_401" time="0.524" /><testcase classname="tests.test_iteration16_transfer_approve_address" name="test_transfer_create_wrong_key_returns_401" time="0.146" /><testcase classname="tests.test_iteration16_transfer_approve_address" name="test_transfer_create_empty_file_returns_400" time="0.155" /><testcase classname="tests.test_iteration16_transfer_approve_address" name="test_transfer_create_invalid_bytes_returns_400" time="0.138" /><testcase classname="tests.test_iteration16_transfer_approve_address" name="test_transfer_create_success_shape" time="0.177" /><testcase classname="tests.test_iteration16_transfer_approve_address" name="test_transfer_fetch_unknown_returns_404" time="0.133" /><testcase classname="tests.test_iteration16_transfer_approve_address" name="test_transfer_fetch_returns_route_and_marks_claimed" time="0.113" /><testcase classname="tests.test_iteration16_transfer_approve_address" name="test_transfer_fetch_is_case_insensitive" time="0.158" /><testcase classname="tests.test_iteration16_transfer_approve_address" name="test_transfer_status_unknown_returns_404" time="0.095" /><testcase classname="tests.test_iteration16_transfer_approve_address" name="test_transfer_status_no_auth_required" time="0.106" /><testcase classname="tests.test_iteration16_transfer_approve_address" name="test_approve_unknown_route_returns_404" time="0.098" /><testcase classname="tests.test_iteration16_transfer_approve_address" name="test_approve_sets_approved_at" time="0.250" /><testcase classname="tests.test_iteration16_transfer_approve_address" name="test_approve_is_idempotent" time="1.296" /><testcase classname="tests.test_iteration16_transfer_approve_address" name="test_unapprove_clears_approved_at" time="0.363" /><testcase classname="tests.test_iteration16_transfer_approve_address" name="test_unapprove_unknown_route_returns_404" time="0.089" /><testcase classname="tests.test_iteration16_transfer_approve_address" name="test_update_address_empty_returns_400" time="0.221" /><testcase classname="tests.test_iteration16_transfer_approve_address" name="test_update_address_unknown_stop_returns_404" time="0.092" /><testcase classname="tests.test_iteration16_transfer_approve_address" name="test_update_address_szczecin_geocodes_within_bias" time="0.243" /><testcase classname="tests.test_iteration16_transfer_approve_address" name="test_update_address_gibberish_returns_geocoded_false" time="4.433" /><testcase classname="tests.test_iteration16_transfer_approve_address" name="test_existing_route_pins_all_within_szczecin_bias" time="0.241" /><testcase classname="tests.test_iteration17_refactor_regression" name="test_list_routes_returns_list" time="0.233" /><testcase classname="tests.test_iteration17_refactor_regression" name="test_get_stop_success" time="0.215" /><testcase classname="tests.test_iteration17_refactor_regression" name="test_get_stop_unknown_route" time="0.102" /><testcase classname="tests.test_iteration17_refactor_regression" name="test_get_stop_unknown_stop" time="0.133" /><testcase classname="tests.test_iteration17_refactor_regression" name="test_deliver_then_absent_then_reset" time="0.619" /><testcase classname="tests.test_iteration17_refactor_regression" name="test_deliver_unknown_stop_returns_404" time="0.095" /><testcase classname="tests.test_iteration17_refactor_regression" name="test_absent_unknown_stop_returns_404" time="0.097" /><testcase classname="tests.test_iteration17_refactor_regression" name="test_reset_unknown_stop_returns_404" time="0.121" /><testcase classname="tests.test_iteration17_refactor_regression" name="test_regeocode_unknown_route_returns_404" time="0.097" /><testcase classname="tests.test_iteration17_refactor_regression" name="test_route_B_pins_within_szczecin_bias" time="0.107" /></testsuite></testsuites>