<?xml version="1.0" encoding="utf-8"?><testsuites name="pytest tests"><testsuite name="pytest" errors="0" failures="0" skipped="0" tests="36" time="10.928" timestamp="2026-06-28T14:44:27.165352+00:00" hostname="agent-env-e0f186be-7fd5-488c-9d3a-7c37671013bd"><testcase classname="backend.tests.test_iteration16_transfer_approve_address" name="test_transfer_create_without_key_returns_401" time="0.374" /><testcase classname="backend.tests.test_iteration16_transfer_approve_address" name="test_transfer_create_wrong_key_returns_401" time="0.135" /><testcase classname="backend.tests.test_iteration16_transfer_approve_address" name="test_transfer_create_empty_file_returns_400" time="0.098" /><testcase classname="backend.tests.test_iteration16_transfer_approve_address" name="test_transfer_create_invalid_bytes_returns_400" time="0.095" /><testcase classname="backend.tests.test_iteration16_transfer_approve_address" name="test_transfer_create_success_shape" time="0.301" /><testcase classname="backend.tests.test_iteration16_transfer_approve_address" name="test_transfer_fetch_unknown_returns_404" time="0.107" /><testcase classname="backend.tests.test_iteration16_transfer_approve_address" name="test_transfer_fetch_returns_route_and_marks_claimed" time="0.103" /><testcase classname="backend.tests.test_iteration16_transfer_approve_address" name="test_transfer_fetch_is_case_insensitive" time="0.108" /><testcase classname="backend.tests.test_iteration16_transfer_approve_address" name="test_transfer_status_unknown_returns_404" time="0.094" /><testcase classname="backend.tests.test_iteration16_transfer_approve_address" name="test_transfer_status_no_auth_required" time="0.102" /><testcase classname="backend.tests.test_iteration16_transfer_approve_address" name="test_approve_unknown_route_returns_404" time="0.093" /><testcase classname="backend.tests.test_iteration16_transfer_approve_address" name="test_approve_sets_approved_at" time="0.199" /><testcase classname="backend.tests.test_iteration16_transfer_approve_address" name="test_approve_is_idempotent" time="1.330" /><testcase classname="backend.tests.test_iteration16_transfer_approve_address" name="test_unapprove_clears_approved_at" time="0.306" /><testcase classname="backend.tests.test_iteration16_transfer_approve_address" name="test_unapprove_unknown_route_returns_404" time="0.093" /><testcase classname="backend.tests.test_iteration16_transfer_approve_address" name="test_update_address_empty_returns_400" time="0.209" /><testcase classname="backend.tests.test_iteration16_transfer_approve_address" name="test_update_address_unknown_stop_returns_404" time="0.093" /><testcase classname="backend.tests.test_iteration16_transfer_approve_address" name="test_update_address_szczecin_geocodes_within_bias" time="0.201" /><testcase classname="backend.tests.test_iteration16_transfer_approve_address" name="test_update_address_gibberish_returns_geocoded_false" time="4.541" /><testcase classname="backend.tests.test_iteration16_transfer_approve_address" name="test_existing_route_pins_all_within_szczecin_bias" time="0.221" /><testcase classname="backend.tests.test_iteration17_refactor_regression" name="test_list_routes_returns_list" time="0.261" /><testcase classname="backend.tests.test_iteration17_refactor_regression" name="test_get_stop_success" time="0.246" /><testcase classname="backend.tests.test_iteration17_refactor_regression" name="test_get_stop_unknown_route" time="0.097" /><testcase classname="backend.tests.test_iteration17_refactor_regression" name="test_get_stop_unknown_stop" time="0.091" /><testcase classname="backend.tests.test_iteration17_refactor_regression" name="test_deliver_then_absent_then_reset" time="0.613" /><testcase classname="backend.tests.test_iteration17_refactor_regression" name="test_deliver_unknown_stop_returns_404" time="0.095" /><testcase classname="backend.tests.test_iteration17_refactor_regression" name="test_absent_unknown_stop_returns_404" time="0.104" /><testcase classname="backend.tests.test_iteration17_refactor_regression" name="test_reset_unknown_stop_returns_404" time="0.096" /><testcase classname="backend.tests.test_iteration17_refactor_regression" name="test_regeocode_unknown_route_returns_404" time="0.093" /><testcase classname="backend.tests.test_iteration17_refactor_regression" name="test_route_B_pins_within_szczecin_bias" time="0.111" /><testcase classname="backend.tests.test_iteration18_pdf_report.TestPdfReport" name="test_report_200_pdf_no_courier" time="0.007" /><testcase classname="backend.tests.test_iteration18_pdf_report.TestPdfReport" name="test_report_size_above_1kb" time="0.045" /><testcase classname="backend.tests.test_iteration18_pdf_report.TestPdfReport" name="test_report_content_disposition_filename" time="0.045" /><testcase classname="backend.tests.test_iteration18_pdf_report.TestPdfReport" name="test_report_with_courier_name" time="0.046" /><testcase classname="backend.tests.test_iteration18_pdf_report.TestPdfReport" name="test_report_404_for_unknown_route" time="0.043" /><testcase classname="backend.tests.test_iteration18_pdf_report.TestPdfReport" name="test_report_pdf_includes_pdf_objects" time="0.046" /></testsuite></testsuites>