<?xml version="1.0" encoding="utf-8"?><testsuites name="pytest tests"><testsuite name="pytest" errors="0" failures="0" skipped="0" tests="17" time="1.685" timestamp="2026-06-28T14:44:16.653978+00:00" hostname="agent-env-e0f186be-7fd5-488c-9d3a-7c37671013bd"><testcase classname="backend.tests.test_iteration19_locations.TestPostLocation" name="test_post_full_ping_returns_ok_and_ts" time="0.126" /><testcase classname="backend.tests.test_iteration19_locations.TestPostLocation" name="test_post_minimal_ping_lat_lng_only" time="0.044" /><testcase classname="backend.tests.test_iteration19_locations.TestPostLocation" name="test_post_missing_lat_returns_422" time="0.043" /><testcase classname="backend.tests.test_iteration19_locations.TestPostLocation" name="test_post_missing_lng_returns_422" time="0.042" /><testcase classname="backend.tests.test_iteration19_locations.TestPostLocation" name="test_post_invalid_type_lat_string_returns_422" time="0.041" /><testcase classname="backend.tests.test_iteration19_locations.TestPostLocation" name="test_post_invalid_type_lng_string_returns_422" time="0.042" /><testcase classname="backend.tests.test_iteration19_locations.TestGetLocationAuth" name="test_get_without_api_key_returns_401" time="0.042" /><testcase classname="backend.tests.test_iteration19_locations.TestGetLocationAuth" name="test_get_with_wrong_api_key_returns_401" time="0.042" /><testcase classname="backend.tests.test_iteration19_locations.TestGetLocationAuth" name="test_get_with_empty_api_key_returns_401" time="0.044" /><testcase classname="backend.tests.test_iteration19_locations.TestGetLocationAuth" name="test_get_with_valid_key_returns_200_and_list" time="0.043" /><testcase classname="backend.tests.test_iteration19_locations.TestAggregationAndHistory" name="test_three_pings_same_courier_aggregated_returns_latest_only" time="0.320" /><testcase classname="backend.tests.test_iteration19_locations.TestAggregationAndHistory" name="test_history_endpoint_returns_all_pings_for_courier" time="0.041" /><testcase classname="backend.tests.test_iteration19_locations.TestAggregationAndHistory" name="test_two_different_couriers_aggregated_returns_two_entries" time="0.232" /><testcase classname="backend.tests.test_iteration19_locations.TestAggregationAndHistory" name="test_since_minutes_1_includes_fresh_ping" time="0.085" /><testcase classname="backend.tests.test_iteration19_locations.TestAggregationAndHistory" name="test_since_minutes_out_of_range_rejected" time="0.076" /><testcase classname="backend.tests.test_iteration19_locations.TestAggregationAndHistory" name="test_response_excludes_mongo_internals" time="0.124" /><testcase classname="backend.tests.test_iteration19_locations.TestTTLIndex" name="test_ttl_index_exists_with_24h_expiry" time="0.204" /></testsuite></testsuites>