<?xml version="1.0" encoding="utf-8"?><testsuites name="pytest tests"><testsuite name="pytest" errors="0" failures="0" skipped="0" tests="4" time="26.855" timestamp="2026-06-25T16:53:25.139374+00:00" hostname="agent-env-e0f186be-7fd5-488c-9d3a-7c37671013bd"><testcase classname="tests.test_iteration15_incremental_geocode" name="test_background_geocoder_does_per_stop_update" time="0.000" /><testcase classname="tests.test_iteration15_incremental_geocode" name="test_nominatim_paced_lock_enforces_min_interval" time="6.586" /><testcase classname="tests.test_iteration15_incremental_geocode" name="test_manifest_upload_fast_and_progressive_geocode" time="20.207" /><testcase classname="tests.test_iteration15_incremental_geocode" name="test_frontend_placeholder_text_updated" time="0.000" /></testsuite></testsuites>