<?xml version="1.0" encoding="utf-8"?><testsuites name="pytest tests"><testsuite name="pytest" errors="0" failures="0" skipped="0" tests="20" time="12.724" timestamp="2026-06-25T18:57:47.801440+00:00" hostname="agent-env-e0f186be-7fd5-488c-9d3a-7c37671013bd"><testcase classname="backend.tests.test_iteration16_transfer_approve_address" name="test_transfer_create_without_key_returns_401" time="0.461" /><testcase classname="backend.tests.test_iteration16_transfer_approve_address" name="test_transfer_create_wrong_key_returns_401" time="0.184" /><testcase classname="backend.tests.test_iteration16_transfer_approve_address" name="test_transfer_create_empty_file_returns_400" time="0.103" /><testcase classname="backend.tests.test_iteration16_transfer_approve_address" name="test_transfer_create_invalid_bytes_returns_400" time="0.100" /><testcase classname="backend.tests.test_iteration16_transfer_approve_address" name="test_transfer_create_success_shape" time="0.238" /><testcase classname="backend.tests.test_iteration16_transfer_approve_address" name="test_transfer_fetch_unknown_returns_404" time="0.139" /><testcase classname="backend.tests.test_iteration16_transfer_approve_address" name="test_transfer_fetch_returns_route_and_marks_claimed" time="0.163" /><testcase classname="backend.tests.test_iteration16_transfer_approve_address" name="test_transfer_fetch_is_case_insensitive" time="0.148" /><testcase classname="backend.tests.test_iteration16_transfer_approve_address" name="test_transfer_status_unknown_returns_404" time="0.121" /><testcase classname="backend.tests.test_iteration16_transfer_approve_address" name="test_transfer_status_no_auth_required" time="0.109" /><testcase classname="backend.tests.test_iteration16_transfer_approve_address" name="test_approve_unknown_route_returns_404" time="0.136" /><testcase classname="backend.tests.test_iteration16_transfer_approve_address" name="test_approve_sets_approved_at" time="0.246" /><testcase classname="backend.tests.test_iteration16_transfer_approve_address" name="test_approve_is_idempotent" time="1.336" /><testcase classname="backend.tests.test_iteration16_transfer_approve_address" name="test_unapprove_clears_approved_at" time="0.356" /><testcase classname="backend.tests.test_iteration16_transfer_approve_address" name="test_unapprove_unknown_route_returns_404" time="0.111" /><testcase classname="backend.tests.test_iteration16_transfer_approve_address" name="test_update_address_empty_returns_400" time="0.253" /><testcase classname="backend.tests.test_iteration16_transfer_approve_address" name="test_update_address_unknown_stop_returns_404" time="1.657" /><testcase classname="backend.tests.test_iteration16_transfer_approve_address" name="test_update_address_szczecin_geocodes_within_bias" time="1.760" /><testcase classname="backend.tests.test_iteration16_transfer_approve_address" name="test_update_address_gibberish_returns_geocoded_false" time="4.772" /><testcase classname="backend.tests.test_iteration16_transfer_approve_address" name="test_existing_route_pins_all_within_szczecin_bias" time="0.242" /></testsuite></testsuites>