<?xml version="1.0" encoding="utf-8"?><testsuites name="pytest tests"><testsuite name="pytest" errors="0" failures="0" skipped="0" tests="14" time="9.832" timestamp="2026-06-24T21:50:50.497098+00:00" hostname="agent-env-e0f186be-7fd5-488c-9d3a-7c37671013bd"><testcase classname="backend.tests.test_courier_api.TestHealth" name="test_root" time="0.300" /><testcase classname="backend.tests.test_courier_api.TestHealth" name="test_list_routes_initial" time="0.052" /><testcase classname="backend.tests.test_courier_api.TestManifestUpload" name="test_route_persisted" time="8.511" /><testcase classname="backend.tests.test_courier_api.TestManifestUpload" name="test_route_in_list" time="0.049" /><testcase classname="backend.tests.test_courier_api.TestManifestUpload" name="test_heavy_fields_excluded_from_list" time="0.051" /><testcase classname="backend.tests.test_courier_api.TestManifestUpload" name="test_cod_present_on_at_least_one_stop" time="0.000" /><testcase classname="backend.tests.test_courier_api.TestManifestUpload" name="test_upload_invalid_base64" time="0.046" /><testcase classname="backend.tests.test_courier_api.TestStopEndpoints" name="test_get_single_stop" time="0.052" /><testcase classname="backend.tests.test_courier_api.TestStopEndpoints" name="test_get_route_404" time="0.051" /><testcase classname="backend.tests.test_courier_api.TestStopEndpoints" name="test_get_stop_404" time="0.050" /><testcase classname="backend.tests.test_courier_api.TestStopLifecycle" name="test_deliver_then_reset" time="0.210" /><testcase classname="backend.tests.test_courier_api.TestStopLifecycle" name="test_absent_then_reset" time="0.208" /><testcase classname="backend.tests.test_courier_api.TestStopLifecycle" name="test_deliver_invalid_route" time="0.060" /><testcase classname="backend.tests.test_courier_api.TestRouteDelete" name="test_delete_unknown" time="0.111" /></testsuite></testsuites>